# Logfile created on 2023-11-10 19:18:53 +0100 by logger.rb/v1.5.3
I, [2023-11-10T19:18:53.182243 #5229]  INFO -- : 


New Game ID: 6530fb36-6649-4dc1-8a00-238b89c253da
I, [2023-11-10T19:18:53.182773 #5229]  INFO -- : (5, 2) -> 1, 
I, [2023-11-10T19:18:53.182790 #5229]  INFO -- : (1, 6) -> 1, 
I, [2023-11-10T19:18:53.182802 #5229]  INFO -- : (9, 7) -> 2, (9, 8) -> 2, 
I, [2023-11-10T19:18:53.182812 #5229]  INFO -- : (2, 5) -> 2, (3, 5) -> 2, 
I, [2023-11-10T19:18:53.182823 #5229]  INFO -- : (1, 1) -> 3, (1, 2) -> 3, (1, 3) -> 3, 
I, [2023-11-10T19:18:53.182833 #5229]  INFO -- : (4, 3) -> 4, (5, 3) -> 4, (6, 3) -> 4, (7, 3) -> 4, 
I, [2023-11-10T19:18:53.182846 #5229]  INFO -- : (4, 6) -> 5, (4, 7) -> 5, (4, 8) -> 5, (4, 9) -> 5, (4, 10) -> 5, 
W, [2023-11-10T19:18:53.182872 #5229]  WARN -- : Remaining shoots: 49
I, [2023-11-10T19:19:32.155932 #5229]  INFO -- : Hit Ship at (1, 1) -> 3
W, [2023-11-10T19:19:32.157381 #5229]  WARN -- : Remaining shoots: 48
I, [2023-11-10T19:19:38.164910 #5229]  INFO -- : Hit Ship at (1, 2) -> 3
W, [2023-11-10T19:19:38.165079 #5229]  WARN -- : Remaining shoots: 47
I, [2023-11-10T19:19:39.867394 #5229]  INFO -- : Hit Ship at (1, 3) -> 3
W, [2023-11-10T19:19:39.867629 #5229]  WARN -- : Remaining shoots: 46
I, [2023-11-10T19:19:42.067100 #5229]  INFO -- : Hit Ship at (5, 2) -> 1
W, [2023-11-10T19:19:42.067357 #5229]  WARN -- : Remaining shoots: 45
I, [2023-11-10T19:19:44.366501 #5229]  INFO -- : Hit Ship at (1, 6) -> 1
W, [2023-11-10T19:19:44.366741 #5229]  WARN -- : Remaining shoots: 44
I, [2023-11-10T19:19:50.781903 #5229]  INFO -- : Hit Ship at (9, 7) -> 2
W, [2023-11-10T19:19:50.782159 #5229]  WARN -- : Remaining shoots: 43
I, [2023-11-10T19:19:53.248011 #5229]  INFO -- : Hit Ship at (9, 8) -> 2
W, [2023-11-10T19:19:53.248283 #5229]  WARN -- : Remaining shoots: 42
I, [2023-11-10T19:19:57.328670 #5229]  INFO -- : Hit Ship at (2, 5) -> 2
W, [2023-11-10T19:19:57.328920 #5229]  WARN -- : Remaining shoots: 41
I, [2023-11-10T19:19:58.629444 #5229]  INFO -- : Hit Ship at (3, 5) -> 2
W, [2023-11-10T19:19:58.629650 #5229]  WARN -- : Remaining shoots: 40
I, [2023-11-10T19:20:03.629102 #5229]  INFO -- : Hit Ship at (4, 3) -> 4
W, [2023-11-10T19:20:03.629411 #5229]  WARN -- : Remaining shoots: 39
I, [2023-11-10T19:20:07.727960 #5229]  INFO -- : Hit Ship at (5, 3) -> 4
W, [2023-11-10T19:20:07.728189 #5229]  WARN -- : Remaining shoots: 38
I, [2023-11-10T19:20:08.705408 #5229]  INFO -- : Hit Ship at (6, 3) -> 4
W, [2023-11-10T19:20:08.705640 #5229]  WARN -- : Remaining shoots: 37
I, [2023-11-10T19:20:09.477181 #5229]  INFO -- : Hit Ship at (7, 3) -> 4
W, [2023-11-10T19:20:09.477318 #5229]  WARN -- : Remaining shoots: 36
I, [2023-11-10T19:20:14.040456 #5229]  INFO -- : Hit Ship at (4, 6) -> 5
W, [2023-11-10T19:20:14.040704 #5229]  WARN -- : Remaining shoots: 35
I, [2023-11-10T19:20:15.015121 #5229]  INFO -- : Hit Ship at (4, 7) -> 5
W, [2023-11-10T19:20:15.015352 #5229]  WARN -- : Remaining shoots: 34
I, [2023-11-10T19:20:16.263428 #5229]  INFO -- : Hit Ship at (4, 8) -> 5
W, [2023-11-10T19:20:16.263559 #5229]  WARN -- : Remaining shoots: 33
I, [2023-11-10T19:20:17.692642 #5229]  INFO -- : Hit Ship at (4, 9) -> 5
W, [2023-11-10T19:20:17.692900 #5229]  WARN -- : Remaining shoots: 32
I, [2023-11-10T19:20:19.538549 #5229]  INFO -- : Hit Ship at (4, 10) -> 5
I, [2023-11-10T19:20:28.803232 #5664]  INFO -- : 


New Game ID: aeea1962-1627-457d-a887-e0d94499970d
I, [2023-11-10T19:20:28.803749 #5664]  INFO -- : (9, 9) -> 1, 
I, [2023-11-10T19:20:28.803769 #5664]  INFO -- : (4, 6) -> 1, 
I, [2023-11-10T19:20:28.803780 #5664]  INFO -- : (1, 5) -> 2, (2, 5) -> 2, 
I, [2023-11-10T19:20:28.803790 #5664]  INFO -- : (1, 4) -> 2, (2, 4) -> 2, 
I, [2023-11-10T19:20:28.803799 #5664]  INFO -- : (3, 7) -> 3, (3, 8) -> 3, (3, 9) -> 3, 
I, [2023-11-10T19:20:28.803810 #5664]  INFO -- : (7, 5) -> 4, (7, 6) -> 4, (7, 7) -> 4, (7, 8) -> 4, 
I, [2023-11-10T19:20:28.803821 #5664]  INFO -- : (5, 4) -> 5, (5, 5) -> 5, (5, 6) -> 5, (5, 7) -> 5, (5, 8) -> 5, 
W, [2023-11-10T19:20:28.803844 #5664]  WARN -- : Remaining shoots: 49
I, [2023-11-10T19:20:48.812747 #5758]  INFO -- : 


New Game ID: d0cad59f-9352-4e59-9bda-4c8645bbc061
I, [2023-11-10T19:20:48.813312 #5758]  INFO -- : (13, 13) -> 1, 
I, [2023-11-10T19:20:48.813331 #5758]  INFO -- : (10, 14) -> 1, 
I, [2023-11-10T19:20:48.813340 #5758]  INFO -- : (11, 3) -> 2, (12, 3) -> 2, 
I, [2023-11-10T19:20:48.813349 #5758]  INFO -- : (11, 14) -> 2, (12, 14) -> 2, 
I, [2023-11-10T19:20:48.813358 #5758]  INFO -- : (3, 13) -> 3, (3, 14) -> 3, (3, 15) -> 3, 
I, [2023-11-10T19:20:48.813368 #5758]  INFO -- : (11, 9) -> 4, (11, 10) -> 4, (11, 11) -> 4, (11, 12) -> 4, 
I, [2023-11-10T19:20:48.813378 #5758]  INFO -- : (14, 11) -> 5, (14, 12) -> 5, (14, 13) -> 5, (14, 14) -> 5, (14, 15) -> 5, 
W, [2023-11-10T19:20:48.813402 #5758]  WARN -- : Remaining shoots: 49
E, [2023-11-10T19:20:57.090554 #5758] ERROR -- : Invalid Input! 1 <= {x,y} <= 15
E, [2023-11-10T19:21:09.516074 #5758] ERROR -- : Invalid Input! 1 <= {x,y} <= 15
E, [2023-11-10T19:21:11.578046 #5758] ERROR -- : Invalid Input! 1 <= {x,y} <= 15
I, [2023-11-10T19:24:00.449613 #6584]  INFO -- : 


New Game ID: 99998dd0-3c87-4bad-96a0-11c1ceb1456a
I, [2023-11-10T19:24:00.450303 #6584]  INFO -- : (14, 4) -> 1, 
I, [2023-11-10T19:24:00.450324 #6584]  INFO -- : (1, 3) -> 1, 
I, [2023-11-10T19:24:00.450336 #6584]  INFO -- : (4, 1) -> 2, (5, 1) -> 2, 
I, [2023-11-10T19:24:00.450345 #6584]  INFO -- : (8, 1) -> 2, (8, 2) -> 2, 
I, [2023-11-10T19:24:00.450355 #6584]  INFO -- : (10, 3) -> 3, (11, 3) -> 3, (12, 3) -> 3, 
I, [2023-11-10T19:24:00.450365 #6584]  INFO -- : (4, 9) -> 4, (4, 10) -> 4, (4, 11) -> 4, (4, 12) -> 4, 
I, [2023-11-10T19:24:00.450374 #6584]  INFO -- : (3, 2) -> 5, (4, 2) -> 5, (5, 2) -> 5, (6, 2) -> 5, (7, 2) -> 5, 
W, [2023-11-10T19:24:00.450401 #6584]  WARN -- : Remaining shoots: 49
I, [2023-11-10T19:24:08.693959 #6584]  INFO -- : Hit Ship at (14, 4) -> 1
W, [2023-11-10T19:24:08.694279 #6584]  WARN -- : Remaining shoots: 48
I, [2023-11-10T19:24:13.567637 #6584]  INFO -- : Hit Ship at (1, 3) -> 1
W, [2023-11-10T19:24:13.567929 #6584]  WARN -- : Remaining shoots: 47
I, [2023-11-10T19:24:15.720219 #6584]  INFO -- : Hit Ship at (4, 1) -> 2
W, [2023-11-10T19:24:15.720499 #6584]  WARN -- : Remaining shoots: 46
I, [2023-11-10T19:24:19.628151 #6584]  INFO -- : Hit Ship at (5, 1) -> 2
W, [2023-11-10T19:24:19.628414 #6584]  WARN -- : Remaining shoots: 45
I, [2023-11-10T19:24:22.665321 #6584]  INFO -- : Hit Ship at (8, 1) -> 2
W, [2023-11-10T19:24:22.665533 #6584]  WARN -- : Remaining shoots: 44
I, [2023-11-10T19:24:23.770010 #6584]  INFO -- : Hit Ship at (8, 2) -> 2
W, [2023-11-10T19:24:23.770322 #6584]  WARN -- : Remaining shoots: 43
I, [2023-11-10T19:24:26.328164 #6584]  INFO -- : Hit Ship at (10, 3) -> 3
W, [2023-11-10T19:24:26.328480 #6584]  WARN -- : Remaining shoots: 42
I, [2023-11-10T19:24:31.270725 #6584]  INFO -- : Hit Ship at (11, 3) -> 3
W, [2023-11-10T19:24:31.271288 #6584]  WARN -- : Remaining shoots: 41
I, [2023-11-10T19:24:32.829223 #6584]  INFO -- : Hit Ship at (12, 3) -> 3
W, [2023-11-10T19:24:32.829503 #6584]  WARN -- : Remaining shoots: 40
I, [2023-11-10T19:24:36.159769 #6584]  INFO -- : Hit Ship at (4, 9) -> 4
W, [2023-11-10T19:24:36.160044 #6584]  WARN -- : Remaining shoots: 39
I, [2023-11-10T19:24:38.377781 #6584]  INFO -- : Hit Ship at (4, 10) -> 4
W, [2023-11-10T19:24:38.378037 #6584]  WARN -- : Remaining shoots: 38
I, [2023-11-10T19:24:40.558403 #6584]  INFO -- : Hit Ship at (4, 11) -> 4
W, [2023-11-10T19:24:40.558639 #6584]  WARN -- : Remaining shoots: 37
I, [2023-11-10T19:24:41.704793 #6584]  INFO -- : Hit Ship at (4, 12) -> 4
W, [2023-11-10T19:24:41.704956 #6584]  WARN -- : Remaining shoots: 36
I, [2023-11-10T19:24:44.276621 #6584]  INFO -- : Hit Ship at (3, 2) -> 5
W, [2023-11-10T19:24:44.276951 #6584]  WARN -- : Remaining shoots: 35
I, [2023-11-10T19:24:46.140365 #6584]  INFO -- : Hit Ship at (4, 2) -> 5
W, [2023-11-10T19:24:46.140641 #6584]  WARN -- : Remaining shoots: 34
I, [2023-11-10T19:24:47.590541 #6584]  INFO -- : Hit Ship at (5, 2) -> 5
W, [2023-11-10T19:24:47.590793 #6584]  WARN -- : Remaining shoots: 33
I, [2023-11-10T19:24:48.456415 #6584]  INFO -- : Hit Ship at (6, 2) -> 5
W, [2023-11-10T19:24:48.456661 #6584]  WARN -- : Remaining shoots: 32
I, [2023-11-10T19:24:49.515950 #6584]  INFO -- : Hit Ship at (7, 2) -> 5
I, [2023-11-10T19:25:40.435526 #7054]  INFO -- : 


New Game ID: 6cd5c870-b106-41c4-bb52-136633014931
I, [2023-11-10T19:25:40.436102 #7054]  INFO -- : (9, 10) -> 1, 
I, [2023-11-10T19:25:40.436122 #7054]  INFO -- : (1, 12) -> 1, 
I, [2023-11-10T19:25:40.436134 #7054]  INFO -- : (11, 8) -> 2, (12, 8) -> 2, 
I, [2023-11-10T19:25:40.436144 #7054]  INFO -- : (4, 14) -> 2, (5, 14) -> 2, 
I, [2023-11-10T19:25:40.436154 #7054]  INFO -- : (8, 3) -> 3, (8, 4) -> 3, (8, 5) -> 3, 
I, [2023-11-10T19:25:40.436165 #7054]  INFO -- : (3, 3) -> 4, (4, 3) -> 4, (5, 3) -> 4, (6, 3) -> 4, 
I, [2023-11-10T19:25:40.436176 #7054]  INFO -- : (9, 3) -> 5, (10, 3) -> 5, (11, 3) -> 5, (12, 3) -> 5, (13, 3) -> 5, 
W, [2023-11-10T19:25:40.436202 #7054]  WARN -- : Remaining shoots: 49
I, [2023-11-10T19:25:52.358653 #7054]  INFO -- : Hit Ship at (9, 10) -> 1
W, [2023-11-10T19:25:52.359015 #7054]  WARN -- : Remaining shoots: 48
I, [2023-11-10T19:25:53.429236 #7054]  INFO -- : Hit Ship at (1, 12) -> 1
W, [2023-11-10T19:25:53.429497 #7054]  WARN -- : Remaining shoots: 47
I, [2023-11-10T19:25:56.004605 #7054]  INFO -- : Hit Ship at (11, 8) -> 2
W, [2023-11-10T19:25:56.004882 #7054]  WARN -- : Remaining shoots: 46
I, [2023-11-10T19:25:58.403224 #7054]  INFO -- : Hit Ship at (12, 8) -> 2
W, [2023-11-10T19:25:58.403494 #7054]  WARN -- : Remaining shoots: 45
I, [2023-11-10T19:26:01.389834 #7054]  INFO -- : Hit Ship at (4, 14) -> 2
W, [2023-11-10T19:26:01.390095 #7054]  WARN -- : Remaining shoots: 44
I, [2023-11-10T19:26:06.878823 #7054]  INFO -- : Hit Ship at (5, 14) -> 2
W, [2023-11-10T19:26:06.879076 #7054]  WARN -- : Remaining shoots: 43
I, [2023-11-10T19:26:09.590335 #7054]  INFO -- : Hit Ship at (8, 3) -> 3
W, [2023-11-10T19:26:09.590621 #7054]  WARN -- : Remaining shoots: 42
I, [2023-11-10T19:26:12.139954 #7054]  INFO -- : Hit Ship at (8, 4) -> 3
W, [2023-11-10T19:26:12.140219 #7054]  WARN -- : Remaining shoots: 41
I, [2023-11-10T19:26:13.129429 #7054]  INFO -- : Hit Ship at (8, 5) -> 3
W, [2023-11-10T19:26:13.129702 #7054]  WARN -- : Remaining shoots: 40
I, [2023-11-10T19:26:15.840754 #7054]  INFO -- : Hit Ship at (3, 3) -> 4
W, [2023-11-10T19:26:15.840986 #7054]  WARN -- : Remaining shoots: 39
I, [2023-11-10T19:26:16.780845 #7054]  INFO -- : Hit Ship at (4, 3) -> 4
W, [2023-11-10T19:26:16.781086 #7054]  WARN -- : Remaining shoots: 38
I, [2023-11-10T19:26:17.852018 #7054]  INFO -- : Hit Ship at (5, 3) -> 4
W, [2023-11-10T19:26:17.852109 #7054]  WARN -- : Remaining shoots: 37
I, [2023-11-10T19:26:18.841942 #7054]  INFO -- : Hit Ship at (6, 3) -> 4
W, [2023-11-10T19:26:18.842173 #7054]  WARN -- : Remaining shoots: 36
I, [2023-11-10T19:26:21.891762 #7054]  INFO -- : Hit Ship at (9, 3) -> 5
W, [2023-11-10T19:26:21.892068 #7054]  WARN -- : Remaining shoots: 35
I, [2023-11-10T19:26:23.517373 #7054]  INFO -- : Hit Ship at (10, 3) -> 5
W, [2023-11-10T19:26:23.517601 #7054]  WARN -- : Remaining shoots: 34
I, [2023-11-10T19:26:24.857434 #7054]  INFO -- : Hit Ship at (11, 3) -> 5
W, [2023-11-10T19:26:24.857692 #7054]  WARN -- : Remaining shoots: 33
I, [2023-11-10T19:26:25.928002 #7054]  INFO -- : Hit Ship at (12, 3) -> 5
W, [2023-11-10T19:26:25.928251 #7054]  WARN -- : Remaining shoots: 32
I, [2023-11-10T19:26:27.529667 #7054]  INFO -- : Shoot missed at (14, 3) -> false
W, [2023-11-10T19:26:27.529949 #7054]  WARN -- : Remaining shoots: 31
I, [2023-11-10T19:26:29.528185 #7054]  INFO -- : Shoot missed at (14, 3) -> false
W, [2023-11-10T19:26:29.528383 #7054]  WARN -- : Remaining shoots: 30
I, [2023-11-10T19:26:30.753624 #7054]  INFO -- : Shoot missed at (14, 2) -> false
W, [2023-11-10T19:26:30.753803 #7054]  WARN -- : Remaining shoots: 29
I, [2023-11-10T19:26:33.520446 #7054]  INFO -- : Shoot missed at (14, 3) -> false
W, [2023-11-10T19:26:33.520710 #7054]  WARN -- : Remaining shoots: 28
I, [2023-11-10T19:26:39.903879 #7054]  INFO -- : Hit Ship at (13, 3) -> 5
I, [2023-11-10T19:26:39.904887 #7054]  INFO -- : Winner
